<?xml version="1.0" encoding="UTF-8"?>
<!-- Generated by org.testng.reporters.JUnitReportReporter -->
<testsuite hostname="HP" failures="0" tests="1" name="TestBase.TestBase" time="12.671" errors="0" timestamp="2024-03-23T10:18:32 IST" skipped="0">
  <testcase classname="TestBase.TestBase" name="testLoginPage" time="12.671"/>
  <system-out/>
</testsuite> <!-- TestBase.TestBase -->
